2025-03-28 19:59:58,581 - __main__ - INFO - StrategyDetector デバッグテストを開始します...
2025-03-28 20:00:02,173 - matplotlib - DEBUG - matplotlib data path: /Users/koki_air/Library/Python/3.9/lib/python/site-packages/matplotlib/mpl-data
2025-03-28 20:00:02,187 - matplotlib - DEBUG - CONFIGDIR=/Users/koki_air/.matplotlib
2025-03-28 20:00:02,190 - matplotlib - DEBUG - interactive is False
2025-03-28 20:00:02,191 - matplotlib - DEBUG - platform is darwin
2025-03-28 20:00:02,318 - matplotlib - DEBUG - CACHEDIR=/Users/koki_air/.matplotlib
2025-03-28 20:00:02,323 - matplotlib.font_manager - DEBUG - Using fontManager instance from /Users/koki_air/.matplotlib/fontlist-v330.json
2025-03-28 20:00:02,907 - __main__ - INFO - StrategyDetector のインスタンス化を試みます...
2025-03-28 20:00:02,907 - __main__ - INFO - StrategyDetector のインスタンス化に成功しました
2025-03-28 20:00:02,907 - __main__ - INFO - テスト用のサンプルデータを作成しています...
2025-03-28 20:00:02,908 - __main__ - INFO - 風向シフト検出を実行します...
2025-03-28 20:00:02,908 - __main__ - INFO - 風向シフト検出に成功しました: []
2025-03-28 20:00:02,908 - __main__ - INFO - dictをキーにした操作を試みます...
2025-03-28 20:00:02,908 - __main__ - INFO - 予想通りエラーが発生しました: unhashable type: 'dict'
2025-03-28 20:00:02,908 - __main__ - INFO - detect_optimal_tacks メソッドを試みます...
2025-03-28 20:00:02,921 - __main__ - INFO - detect_optimal_tacks の結果: []
2025-03-28 20:00:02,922 - __main__ - INFO - detect_laylines メソッドを試みます...
2025-03-28 20:00:02,922 - __main__ - INFO - detect_laylines の結果: []
2025-03-28 20:00:02,922 - __main__ - INFO - テスト完了
2025-03-28 20:02:01,702 - __main__ - INFO - StrategyDetector デバッグテストを開始します...
2025-03-28 20:02:05,130 - matplotlib - DEBUG - matplotlib data path: /Users/koki_air/Library/Python/3.9/lib/python/site-packages/matplotlib/mpl-data
2025-03-28 20:02:05,142 - matplotlib - DEBUG - CONFIGDIR=/Users/koki_air/.matplotlib
2025-03-28 20:02:05,145 - matplotlib - DEBUG - interactive is False
2025-03-28 20:02:05,145 - matplotlib - DEBUG - platform is darwin
2025-03-28 20:02:05,281 - matplotlib - DEBUG - CACHEDIR=/Users/koki_air/.matplotlib
2025-03-28 20:02:05,287 - matplotlib.font_manager - DEBUG - Using fontManager instance from /Users/koki_air/.matplotlib/fontlist-v330.json
2025-03-28 20:02:05,806 - __main__ - INFO - StrategyDetector のインスタンス化を試みます...
2025-03-28 20:02:05,806 - __main__ - INFO - StrategyDetector のインスタンス化に成功しました
2025-03-28 20:02:05,807 - __main__ - INFO - テスト用のサンプルデータを作成しています...
2025-03-28 20:02:05,807 - __main__ - INFO - 風向シフト検出を実行します...
2025-03-28 20:02:05,807 - __main__ - INFO - 風向シフト検出に成功しました: []
2025-03-28 20:02:05,807 - __main__ - INFO - dictをキーにした操作を試みます...
2025-03-28 20:02:05,807 - __main__ - INFO - 予想通りエラーが発生しました: unhashable type: 'dict'
2025-03-28 20:02:05,808 - __main__ - INFO - detect_optimal_tacks メソッドを試みます...
2025-03-28 20:02:05,816 - __main__ - INFO - detect_optimal_tacks の結果: []
2025-03-28 20:02:05,817 - __main__ - INFO - detect_laylines メソッドを試みます...
2025-03-28 20:02:05,817 - __main__ - INFO - detect_laylines の結果: []
2025-03-28 20:02:05,817 - __main__ - INFO - テスト完了
