2025-04-14 14:05:48,929 - streamlit_app - INFO - ローカル環境用ロギング設定を使用（ログファイル: /Users/koki_air/Documents/GitHub/sailing-strategy-analyzer/streamlit_cloud.log）
2025-04-14 14:05:48,930 - streamlit_app - INFO - Python バージョン: 3.9.6 (default, Nov 11 2024, 03:15:39) 
[Clang 16.0.0 (clang-1600.0.26.6)]
2025-04-14 14:05:48,930 - streamlit_app - INFO - 実行パス: /Applications/Xcode.app/Contents/Developer/usr/bin/python3
2025-04-14 14:05:48,930 - streamlit_app - INFO - 作業ディレクトリ: /Users/koki_air/Documents/GitHub/sailing-strategy-analyzer
2025-04-14 14:05:48,930 - streamlit_app - INFO - Python パス: ['/Users/koki_air/Documents/GitHub/sailing-strategy-analyzer/ui', '/Users/koki_air/Documents/GitHub/sailing-strategy-analyzer/sailing_data_processor', '/Users/koki_air/Documents/GitHub/sailing-strategy-analyzer', '', '/Applications/Xcode.app/Contents/Developer/Library/Frameworks/Python3.framework/Versions/3.9/lib/python39.zip', '/Applications/Xcode.app/Contents/Developer/Library/Frameworks/Python3.framework/Versions/3.9/lib/python3.9', '/Applications/Xcode.app/Contents/Developer/Library/Frameworks/Python3.framework/Versions/3.9/lib/python3.9/lib-dynload', '/Users/koki_air/Library/Python/3.9/lib/python/site-packages', '/Users/koki_air/Documents/GitHub/sailing-strategy-analyzer', '/Applications/Xcode.app/Contents/Developer/Library/Frameworks/Python3.framework/Versions/3.9/lib/python3.9/site-packages', '/Users/koki_air/Documents/GitHub/sailing-strategy-analyzer']
2025-04-14 14:05:53,677 - streamlit_app - INFO - ui.app_v5 モジュールのインポートを試行中...
2025-04-14 14:05:53,755 - streamlit_app - ERROR - app_v5 モジュールのインポート中にエラー: name 'last_error_trace' is assigned to before global declaration (app_v5.py, line 186)
2025-04-14 14:05:53,819 - streamlit_app - ERROR - Traceback (most recent call last):
  File "/Users/koki_air/Documents/GitHub/sailing-strategy-analyzer/streamlit_app.py", line 171, in <module>
    spec.loader.exec_module(module)
  File "<frozen importlib._bootstrap_external>", line 846, in exec_module
  File "<frozen importlib._bootstrap_external>", line 983, in get_code
  File "<frozen importlib._bootstrap_external>", line 913, in source_to_code
  File "<frozen importlib._bootstrap>", line 228, in _call_with_frames_removed
  File "/Users/koki_air/Documents/GitHub/sailing-strategy-analyzer/ui/app_v5.py", line 186
    global last_error_trace
    ^
SyntaxError: name 'last_error_trace' is assigned to before global declaration

2025-04-14 14:07:38,811 - streamlit_app - INFO - ローカル環境用ロギング設定を使用（ログファイル: /Users/koki_air/Documents/GitHub/sailing-strategy-analyzer/streamlit_cloud.log）
2025-04-14 14:07:38,812 - streamlit_app - INFO - Python バージョン: 3.9.6 (default, Nov 11 2024, 03:15:39) 
[Clang 16.0.0 (clang-1600.0.26.6)]
2025-04-14 14:07:38,812 - streamlit_app - INFO - 実行パス: /Applications/Xcode.app/Contents/Developer/usr/bin/python3
2025-04-14 14:07:38,813 - streamlit_app - INFO - 作業ディレクトリ: /Users/koki_air/Documents/GitHub/sailing-strategy-analyzer
2025-04-14 14:07:38,814 - streamlit_app - INFO - Python パス: ['/Users/koki_air/Documents/GitHub/sailing-strategy-analyzer/ui', '/Users/koki_air/Documents/GitHub/sailing-strategy-analyzer/sailing_data_processor', '/Users/koki_air/Documents/GitHub/sailing-strategy-analyzer', '', '/Applications/Xcode.app/Contents/Developer/Library/Frameworks/Python3.framework/Versions/3.9/lib/python39.zip', '/Applications/Xcode.app/Contents/Developer/Library/Frameworks/Python3.framework/Versions/3.9/lib/python3.9', '/Applications/Xcode.app/Contents/Developer/Library/Frameworks/Python3.framework/Versions/3.9/lib/python3.9/lib-dynload', '/Users/koki_air/Library/Python/3.9/lib/python/site-packages', '/Users/koki_air/Documents/GitHub/sailing-strategy-analyzer', '/Applications/Xcode.app/Contents/Developer/Library/Frameworks/Python3.framework/Versions/3.9/lib/python3.9/site-packages', '/Users/koki_air/Documents/GitHub/sailing-strategy-analyzer']
2025-04-14 14:07:50,134 - streamlit_app - INFO - ui.app_v5 モジュールのインポートを試行中...
2025-04-14 14:07:50,279 - streamlit_app - ERROR - app_v5 モジュールのインポート中にエラー: name 'last_error_trace' is assigned to before global declaration (app_v5.py, line 184)
2025-04-14 14:07:50,379 - streamlit_app - ERROR - Traceback (most recent call last):
  File "/Users/koki_air/Documents/GitHub/sailing-strategy-analyzer/streamlit_app.py", line 171, in <module>
    spec.loader.exec_module(module)
  File "<frozen importlib._bootstrap_external>", line 846, in exec_module
  File "<frozen importlib._bootstrap_external>", line 983, in get_code
  File "<frozen importlib._bootstrap_external>", line 913, in source_to_code
  File "<frozen importlib._bootstrap>", line 228, in _call_with_frames_removed
  File "/Users/koki_air/Documents/GitHub/sailing-strategy-analyzer/ui/app_v5.py", line 184
    global last_error_trace
    ^
SyntaxError: name 'last_error_trace' is assigned to before global declaration

2025-04-14 14:16:39,026 - streamlit_app - INFO - ローカル環境用ロギング設定を使用（ログファイル: /Users/koki_air/Documents/GitHub/sailing-strategy-analyzer/streamlit_cloud.log）
2025-04-14 14:16:39,030 - streamlit_app - INFO - Python バージョン: 3.9.6 (default, Nov 11 2024, 03:15:39) 
[Clang 16.0.0 (clang-1600.0.26.6)]
2025-04-14 14:16:39,031 - streamlit_app - INFO - 実行パス: /Applications/Xcode.app/Contents/Developer/usr/bin/python3
2025-04-14 14:16:39,031 - streamlit_app - INFO - 作業ディレクトリ: /Users/koki_air/Documents/GitHub/sailing-strategy-analyzer
2025-04-14 14:16:39,032 - streamlit_app - INFO - Python パス: ['/Users/koki_air/Documents/GitHub/sailing-strategy-analyzer/ui', '/Users/koki_air/Documents/GitHub/sailing-strategy-analyzer/sailing_data_processor', '/Users/koki_air/Documents/GitHub/sailing-strategy-analyzer', '', '/Applications/Xcode.app/Contents/Developer/Library/Frameworks/Python3.framework/Versions/3.9/lib/python39.zip', '/Applications/Xcode.app/Contents/Developer/Library/Frameworks/Python3.framework/Versions/3.9/lib/python3.9', '/Applications/Xcode.app/Contents/Developer/Library/Frameworks/Python3.framework/Versions/3.9/lib/python3.9/lib-dynload', '/Users/koki_air/Library/Python/3.9/lib/python/site-packages', '/Users/koki_air/Documents/GitHub/sailing-strategy-analyzer', '/Applications/Xcode.app/Contents/Developer/Library/Frameworks/Python3.framework/Versions/3.9/lib/python3.9/site-packages']
2025-04-14 14:16:50,208 - streamlit_app - INFO - ui.app_v5 モジュールのインポートを試行中...
2025-04-14 14:16:50,465 - streamlit_app - ERROR - app_v5 モジュールのインポート中にエラー: name 'last_error_trace' is assigned to before global declaration (app_v5.py, line 187)
2025-04-14 14:16:50,624 - streamlit_app - ERROR - Traceback (most recent call last):
  File "/Users/koki_air/Documents/GitHub/sailing-strategy-analyzer/streamlit_app.py", line 171, in <module>
    spec.loader.exec_module(module)
  File "<frozen importlib._bootstrap_external>", line 846, in exec_module
  File "<frozen importlib._bootstrap_external>", line 983, in get_code
  File "<frozen importlib._bootstrap_external>", line 913, in source_to_code
  File "<frozen importlib._bootstrap>", line 228, in _call_with_frames_removed
  File "/Users/koki_air/Documents/GitHub/sailing-strategy-analyzer/ui/app_v5.py", line 187
    global last_error_trace
    ^
SyntaxError: name 'last_error_trace' is assigned to before global declaration

2025-04-14 14:17:44,286 - streamlit_app - INFO - ローカル環境用ロギング設定を使用（ログファイル: /Users/koki_air/Documents/GitHub/sailing-strategy-analyzer/streamlit_cloud.log）
2025-04-14 14:17:44,287 - streamlit_app - INFO - Python バージョン: 3.9.6 (default, Nov 11 2024, 03:15:39) 
[Clang 16.0.0 (clang-1600.0.26.6)]
2025-04-14 14:17:44,287 - streamlit_app - INFO - 実行パス: /Applications/Xcode.app/Contents/Developer/usr/bin/python3
2025-04-14 14:17:44,288 - streamlit_app - INFO - 作業ディレクトリ: /Users/koki_air/Documents/GitHub/sailing-strategy-analyzer
2025-04-14 14:17:44,288 - streamlit_app - INFO - Python パス: ['/Users/koki_air/Documents/GitHub/sailing-strategy-analyzer/ui', '/Users/koki_air/Documents/GitHub/sailing-strategy-analyzer/sailing_data_processor', '/Users/koki_air/Documents/GitHub/sailing-strategy-analyzer', '', '/Applications/Xcode.app/Contents/Developer/Library/Frameworks/Python3.framework/Versions/3.9/lib/python39.zip', '/Applications/Xcode.app/Contents/Developer/Library/Frameworks/Python3.framework/Versions/3.9/lib/python3.9', '/Applications/Xcode.app/Contents/Developer/Library/Frameworks/Python3.framework/Versions/3.9/lib/python3.9/lib-dynload', '/Users/koki_air/Library/Python/3.9/lib/python/site-packages', '/Users/koki_air/Documents/GitHub/sailing-strategy-analyzer', '/Applications/Xcode.app/Contents/Developer/Library/Frameworks/Python3.framework/Versions/3.9/lib/python3.9/site-packages']
2025-04-14 14:17:49,885 - streamlit_app - INFO - ui.app_v5 モジュールのインポートを試行中...
2025-04-14 14:17:49,967 - streamlit_app - ERROR - app_v5 モジュールのインポート中にエラー: name 'last_error_trace' is assigned to before global declaration (app_v5.py, line 189)
2025-04-14 14:17:50,045 - streamlit_app - ERROR - Traceback (most recent call last):
  File "/Users/koki_air/Documents/GitHub/sailing-strategy-analyzer/streamlit_app.py", line 171, in <module>
    spec.loader.exec_module(module)
  File "<frozen importlib._bootstrap_external>", line 846, in exec_module
  File "<frozen importlib._bootstrap_external>", line 983, in get_code
  File "<frozen importlib._bootstrap_external>", line 913, in source_to_code
  File "<frozen importlib._bootstrap>", line 228, in _call_with_frames_removed
  File "/Users/koki_air/Documents/GitHub/sailing-strategy-analyzer/ui/app_v5.py", line 189
    global last_error_trace
    ^
SyntaxError: name 'last_error_trace' is assigned to before global declaration

2025-04-14 14:21:21,770 - streamlit_app - INFO - ローカル環境用ロギング設定を使用（ログファイル: /Users/koki_air/Documents/GitHub/sailing-strategy-analyzer/streamlit_cloud.log）
2025-04-14 14:21:21,771 - streamlit_app - INFO - Python バージョン: 3.9.6 (default, Nov 11 2024, 03:15:39) 
[Clang 16.0.0 (clang-1600.0.26.6)]
2025-04-14 14:21:21,772 - streamlit_app - INFO - 実行パス: /Applications/Xcode.app/Contents/Developer/usr/bin/python3
2025-04-14 14:21:21,772 - streamlit_app - INFO - 作業ディレクトリ: /Users/koki_air/Documents/GitHub/sailing-strategy-analyzer
2025-04-14 14:21:21,772 - streamlit_app - INFO - Python パス: ['/Users/koki_air/Documents/GitHub/sailing-strategy-analyzer/ui', '/Users/koki_air/Documents/GitHub/sailing-strategy-analyzer/sailing_data_processor', '/Users/koki_air/Documents/GitHub/sailing-strategy-analyzer', '', '/Applications/Xcode.app/Contents/Developer/Library/Frameworks/Python3.framework/Versions/3.9/lib/python39.zip', '/Applications/Xcode.app/Contents/Developer/Library/Frameworks/Python3.framework/Versions/3.9/lib/python3.9', '/Applications/Xcode.app/Contents/Developer/Library/Frameworks/Python3.framework/Versions/3.9/lib/python3.9/lib-dynload', '/Users/koki_air/Library/Python/3.9/lib/python/site-packages', '/Users/koki_air/Documents/GitHub/sailing-strategy-analyzer', '/Applications/Xcode.app/Contents/Developer/Library/Frameworks/Python3.framework/Versions/3.9/lib/python3.9/site-packages']
2025-04-14 14:21:31,854 - streamlit_app - INFO - ui.app_v5 モジュールのインポートを試行中...
2025-04-14 14:21:31,933 - streamlit_app - ERROR - app_v5 モジュールのインポート中にエラー: no binding for nonlocal 'import_error_trace' found (app_v5.py, line 160)
2025-04-14 14:21:32,061 - streamlit_app - ERROR - Traceback (most recent call last):
  File "/Users/koki_air/Documents/GitHub/sailing-strategy-analyzer/streamlit_app.py", line 171, in <module>
    spec.loader.exec_module(module)
  File "<frozen importlib._bootstrap_external>", line 846, in exec_module
  File "<frozen importlib._bootstrap_external>", line 983, in get_code
  File "<frozen importlib._bootstrap_external>", line 913, in source_to_code
  File "<frozen importlib._bootstrap>", line 228, in _call_with_frames_removed
  File "/Users/koki_air/Documents/GitHub/sailing-strategy-analyzer/ui/app_v5.py", line 160
    nonlocal import_error_trace
    ^
SyntaxError: no binding for nonlocal 'import_error_trace' found

2025-04-14 14:22:32,034 - streamlit_app - INFO - ローカル環境用ロギング設定を使用（ログファイル: /Users/koki_air/Documents/GitHub/sailing-strategy-analyzer/streamlit_cloud.log）
2025-04-14 14:22:32,035 - streamlit_app - INFO - Python バージョン: 3.9.6 (default, Nov 11 2024, 03:15:39) 
[Clang 16.0.0 (clang-1600.0.26.6)]
2025-04-14 14:22:32,036 - streamlit_app - INFO - 実行パス: /Applications/Xcode.app/Contents/Developer/usr/bin/python3
2025-04-14 14:22:32,037 - streamlit_app - INFO - 作業ディレクトリ: /Users/koki_air/Documents/GitHub/sailing-strategy-analyzer
2025-04-14 14:22:32,037 - streamlit_app - INFO - Python パス: ['/Users/koki_air/Documents/GitHub/sailing-strategy-analyzer/ui', '/Users/koki_air/Documents/GitHub/sailing-strategy-analyzer/sailing_data_processor', '/Users/koki_air/Documents/GitHub/sailing-strategy-analyzer', '', '/Applications/Xcode.app/Contents/Developer/Library/Frameworks/Python3.framework/Versions/3.9/lib/python39.zip', '/Applications/Xcode.app/Contents/Developer/Library/Frameworks/Python3.framework/Versions/3.9/lib/python3.9', '/Applications/Xcode.app/Contents/Developer/Library/Frameworks/Python3.framework/Versions/3.9/lib/python3.9/lib-dynload', '/Users/koki_air/Library/Python/3.9/lib/python/site-packages', '/Users/koki_air/Documents/GitHub/sailing-strategy-analyzer', '/Applications/Xcode.app/Contents/Developer/Library/Frameworks/Python3.framework/Versions/3.9/lib/python3.9/site-packages']
2025-04-14 14:22:40,134 - streamlit_app - INFO - ui.app_v5 モジュールのインポートを試行中...
2025-04-14 14:22:42,428 - ui.app_v5 - INFO - システムパス: ['/Users/koki_air/Documents/GitHub/sailing-strategy-analyzer', '/Users/koki_air/Documents/GitHub/sailing-strategy-analyzer/ui', '/Users/koki_air/Documents/GitHub/sailing-strategy-analyzer/sailing_data_processor', '/Users/koki_air/Documents/GitHub/sailing-strategy-analyzer', '', '/Applications/Xcode.app/Contents/Developer/Library/Frameworks/Python3.framework/Versions/3.9/lib/python39.zip', '/Applications/Xcode.app/Contents/Developer/Library/Frameworks/Python3.framework/Versions/3.9/lib/python3.9', '/Applications/Xcode.app/Contents/Developer/Library/Frameworks/Python3.framework/Versions/3.9/lib/python3.9/lib-dynload', '/Users/koki_air/Library/Python/3.9/lib/python/site-packages', '/Users/koki_air/Documents/GitHub/sailing-strategy-analyzer', '/Applications/Xcode.app/Contents/Developer/Library/Frameworks/Python3.framework/Versions/3.9/lib/python3.9/site-packages']
2025-04-14 14:22:42,429 - ui.app_v5 - INFO - quality_metrics.py パス: /Users/koki_air/Documents/GitHub/sailing-strategy-analyzer/sailing_data_processor/validation/quality_metrics.py
2025-04-14 14:22:42,429 - ui.app_v5 - INFO - ファイルは存在するか: True
2025-04-14 14:22:42,431 - ui.app_v5 - INFO - quality_metrics.py 先頭50文字: """
sailing_data_processor.validation.quality_metr
2025-04-14 14:22:42,446 - sailing_data_processor.validation.quality_metrics_integration - INFO - 方法1でのインポートに成功しました
2025-04-14 14:22:42,447 - ui.app_v5 - INFO - Quality metrics integration モジュールのロードに成功
2025-04-14 14:22:42,447 - ui.app_v5 - INFO - モジュール内容: ['Any', 'Dict', 'EnhancedQualityMetricsCalculator', 'List', 'Optional', 'QualityMetricsCalculator', 'QualityMetricsCalculatorExtension', 'Set', 'Tuple', '__builtins__', '__cached__', '__doc__', '__file__', '__loader__', '__name__', '__package__', '__spec__', 'datetime', 'logger', 'logging', 'np', 'os', 'pd', 'sys', 'timedelta']
2025-04-14 14:22:42,447 - ui.app_v5 - INFO - QualityMetricsCalculator クラスのロードに成功
2025-04-14 14:22:42,448 - ui.app_v5 - INFO - QualityMetricsCalculator クラスの内容: ['__class__', '__delattr__', '__dict__', '__dir__', '__doc__', '__eq__', '__format__', '__ge__', '__getattribute__', '__gt__', '__hash__', '__init__', '__init_subclass__', '__le__', '__lt__', '__module__', '__ne__', '__new__', '__reduce__', '__reduce_ex__', '__repr__', '__setattr__', '__sizeof__', '__str__', '__subclasshook__', '__weakref__', '_determine_impact_level']
2025-04-14 14:22:42,448 - ui.app_v5 - INFO - クラスタイプ: <class 'type'>
2025-04-14 14:22:42,448 - ui.app_v5 - INFO - ファイル存在確認: sailing_data_processor/validation/quality_metrics.py ✓
2025-04-14 14:22:42,449 - ui.app_v5 - INFO - ファイル存在確認: sailing_data_processor/validation/quality_metrics_improvements.py ✓
2025-04-14 14:22:42,449 - ui.app_v5 - INFO - ファイル存在確認: sailing_data_processor/validation/quality_metrics_integration.py ✓
2025-04-14 14:22:42,449 - ui.app_v5 - INFO - ファイル存在確認: ui/pages/basic_project_management.py ✓
2025-04-14 14:22:42,450 - ui.app_v5 - INFO - UIページのインポートを開始...
2025-04-14 14:22:42,450 - ui.app_v5 - INFO - UI pages パス: /Users/koki_air/Documents/GitHub/sailing-strategy-analyzer/ui/pages
2025-04-14 14:22:42,450 - ui.app_v5 - INFO - 基本プロジェクト管理ファイルパス: /Users/koki_air/Documents/GitHub/sailing-strategy-analyzer/ui/pages/basic_project_management.py
2025-04-14 14:22:42,451 - ui.app_v5 - INFO - ファイルは存在するか: True
2025-04-14 14:22:42,451 - ui.app_v5 - INFO - 基本プロジェクト管理のインポートを試みます...
2025-04-14 14:22:42,997 - ui.app_v5 - INFO - 基本プロジェクト管理のインポートに成功しました。
2025-04-14 14:22:42,998 - ui.app_v5 - INFO - データ検証のインポートを試みます...
2025-04-14 14:22:42,998 - ui.app_v5 - INFO - データ検証のインポートに成功しました。
2025-04-14 14:22:42,998 - ui.app_v5 - INFO - セッション管理のインポートを試みます...
2025-04-14 14:22:43,055 - ui.app_v5 - INFO - セッション管理のインポートに成功しました。
2025-04-14 14:22:43,076 - ui.app_v5 - ERROR - モジュールの読み込みに失敗しました: module 'ui.pages.data_validation' has no attribute 'render_page'
2025-04-14 14:22:43,077 - ui.app_v5 - ERROR - Traceback (most recent call last):
  File "/Users/koki_air/Documents/GitHub/sailing-strategy-analyzer/ui/app_v5.py", line 174, in <module>
    render_data_validation = data_validation.render_page
AttributeError: module 'ui.pages.data_validation' has no attribute 'render_page'

2025-04-14 14:22:43,115 - streamlit_app - INFO - app_v5 モジュールのインポートに成功
2025-04-14 14:22:43,117 - streamlit_app - ERROR - app_v5 モジュールのインポート中にエラー: module 'ui' has no attribute 'app_v5'
2025-04-14 14:22:43,117 - streamlit_app - ERROR - Traceback (most recent call last):
  File "/Users/koki_air/Documents/GitHub/sailing-strategy-analyzer/streamlit_app.py", line 196, in <module>
    logger.info(f"app_v5 モジュールの内容: {dir(ui.app_v5)}")
AttributeError: module 'ui' has no attribute 'app_v5'

